  main.cpp
  Generating code
  Finished generating code
TL-Engine2015.lib(TL-Engine.obj) : warning LNK4099: PDB 'TL-Engine.pdb' was not found with 'TL-Engine2015.lib(TL-Engine.obj)' or at 'C:\Users\jbrierley\Desktop\GameProject\GameProject\TL-Engine.pdb'; linking object as if no debug info
TL-Engine2015.lib(MSDefines.obj) : warning LNK4099: PDB 'TLX-Common.pdb' was not found with 'TL-Engine2015.lib(MSDefines.obj)' or at 'C:\Users\jbrierley\Desktop\GameProject\GameProject\TLX-Common.pdb'; linking object as if no debug info
TL-Engine2015.lib(IrrlichtEngine.obj) : warning LNK4099: PDB '3DEngine.pdb' was not found with 'TL-Engine2015.lib(IrrlichtEngine.obj)' or at 'C:\Users\jbrierley\Desktop\GameProject\GameProject\3DEngine.pdb'; linking object as if no debug info
TL-Engine2015.lib(TLXEngine.obj) : warning LNK4099: PDB '3DEngine.pdb' was not found with 'TL-Engine2015.lib(TLXEngine.obj)' or at 'C:\Users\jbrierley\Desktop\GameProject\GameProject\3DEngine.pdb'; linking object as if no debug info
TL-Engine2015.lib(CFatalException.obj) : warning LNK4099: PDB 'TLX-Common.pdb' was not found with 'TL-Engine2015.lib(CFatalException.obj)' or at 'C:\Users\jbrierley\Desktop\GameProject\GameProject\TLX-Common.pdb'; linking object as if no debug info
TL-Engine2015.lib(CMSWindow.obj) : warning LNK4099: PDB 'TLX-Common.pdb' was not found with 'TL-Engine2015.lib(CMSWindow.obj)' or at 'C:\Users\jbrierley\Desktop\GameProject\GameProject\TLX-Common.pdb'; linking object as if no debug info
TL-Engine2015.lib(CMSTimer.obj) : warning LNK4099: PDB 'TLX-Common.pdb' was not found with 'TL-Engine2015.lib(CMSTimer.obj)' or at 'C:\Users\jbrierley\Desktop\GameProject\GameProject\TLX-Common.pdb'; linking object as if no debug info
TL-Engine2015.lib(IrrlichtMesh.obj) : warning LNK4099: PDB '3DEngine.pdb' was not found with 'TL-Engine2015.lib(IrrlichtMesh.obj)' or at 'C:\Users\jbrierley\Desktop\GameProject\GameProject\3DEngine.pdb'; linking object as if no debug info
TL-Engine2015.lib(IrrlichtLight.obj) : warning LNK4099: PDB '3DEngine.pdb' was not found with 'TL-Engine2015.lib(IrrlichtLight.obj)' or at 'C:\Users\jbrierley\Desktop\GameProject\GameProject\3DEngine.pdb'; linking object as if no debug info
TL-Engine2015.lib(IrrlichtCamera.obj) : warning LNK4099: PDB '3DEngine.pdb' was not found with 'TL-Engine2015.lib(IrrlichtCamera.obj)' or at 'C:\Users\jbrierley\Desktop\GameProject\GameProject\3DEngine.pdb'; linking object as if no debug info
TL-Engine2015.lib(IrrlichtInput.obj) : warning LNK4099: PDB '3DEngine.pdb' was not found with 'TL-Engine2015.lib(IrrlichtInput.obj)' or at 'C:\Users\jbrierley\Desktop\GameProject\GameProject\3DEngine.pdb'; linking object as if no debug info
TL-Engine2015.lib(IrrlichtFont.obj) : warning LNK4099: PDB '3DEngine.pdb' was not found with 'TL-Engine2015.lib(IrrlichtFont.obj)' or at 'C:\Users\jbrierley\Desktop\GameProject\GameProject\3DEngine.pdb'; linking object as if no debug info
TL-Engine2015.lib(Errors.obj) : warning LNK4099: PDB 'Common.pdb' was not found with 'TL-Engine2015.lib(Errors.obj)' or at 'C:\Users\jbrierley\Desktop\GameProject\GameProject\Common.pdb'; linking object as if no debug info
TL-Engine2015.lib(CInputReceiver.obj) : warning LNK4099: PDB 'TLX-Common.pdb' was not found with 'TL-Engine2015.lib(CInputReceiver.obj)' or at 'C:\Users\jbrierley\Desktop\GameProject\GameProject\TLX-Common.pdb'; linking object as if no debug info
TL-Engine2015.lib(TLX-Render.obj) : warning LNK4099: PDB 'TLX-Render.pdb' was not found with 'TL-Engine2015.lib(TLX-Render.obj)' or at 'C:\Users\jbrierley\Desktop\GameProject\GameProject\TLX-Render.pdb'; linking object as if no debug info
TL-Engine2015.lib(Surface.obj) : warning LNK4099: PDB 'TLX-Render.pdb' was not found with 'TL-Engine2015.lib(Surface.obj)' or at 'C:\Users\jbrierley\Desktop\GameProject\GameProject\TLX-Render.pdb'; linking object as if no debug info
TL-Engine2015.lib(CWindowReceiver.obj) : warning LNK4099: PDB 'TLX-Render.pdb' was not found with 'TL-Engine2015.lib(CWindowReceiver.obj)' or at 'C:\Users\jbrierley\Desktop\GameProject\GameProject\TLX-Render.pdb'; linking object as if no debug info
TL-Engine2015.lib(CMatrix4x4.obj) : warning LNK4099: PDB 'TLX-Common.pdb' was not found with 'TL-Engine2015.lib(CMatrix4x4.obj)' or at 'C:\Users\jbrierley\Desktop\GameProject\GameProject\TLX-Common.pdb'; linking object as if no debug info
TL-Engine2015.lib(TLX-Engine.obj) : warning LNK4099: PDB 'TLX-Engine.pdb' was not found with 'TL-Engine2015.lib(TLX-Engine.obj)' or at 'C:\Users\jbrierley\Desktop\GameProject\GameProject\TLX-Engine.pdb'; linking object as if no debug info
TL-Engine2015.lib(TLXMesh.obj) : warning LNK4099: PDB '3DEngine.pdb' was not found with 'TL-Engine2015.lib(TLXMesh.obj)' or at 'C:\Users\jbrierley\Desktop\GameProject\GameProject\3DEngine.pdb'; linking object as if no debug info
TL-Engine2015.lib(TLXSprite.obj) : warning LNK4099: PDB '3DEngine.pdb' was not found with 'TL-Engine2015.lib(TLXSprite.obj)' or at 'C:\Users\jbrierley\Desktop\GameProject\GameProject\3DEngine.pdb'; linking object as if no debug info
TL-Engine2015.lib(TLXFont.obj) : warning LNK4099: PDB '3DEngine.pdb' was not found with 'TL-Engine2015.lib(TLXFont.obj)' or at 'C:\Users\jbrierley\Desktop\GameProject\GameProject\3DEngine.pdb'; linking object as if no debug info
TL-Engine2015.lib(TLXCamera.obj) : warning LNK4099: PDB '3DEngine.pdb' was not found with 'TL-Engine2015.lib(TLXCamera.obj)' or at 'C:\Users\jbrierley\Desktop\GameProject\GameProject\3DEngine.pdb'; linking object as if no debug info
TL-Engine2015.lib(TLXLight.obj) : warning LNK4099: PDB '3DEngine.pdb' was not found with 'TL-Engine2015.lib(TLXLight.obj)' or at 'C:\Users\jbrierley\Desktop\GameProject\GameProject\3DEngine.pdb'; linking object as if no debug info
TL-Engine2015.lib(Utility.obj) : warning LNK4099: PDB 'TLX-Common.pdb' was not found with 'TL-Engine2015.lib(Utility.obj)' or at 'C:\Users\jbrierley\Desktop\GameProject\GameProject\TLX-Common.pdb'; linking object as if no debug info
TL-Engine2015.lib(IrrlichtModel.obj) : warning LNK4099: PDB '3DEngine.pdb' was not found with 'TL-Engine2015.lib(IrrlichtModel.obj)' or at 'C:\Users\jbrierley\Desktop\GameProject\GameProject\3DEngine.pdb'; linking object as if no debug info
TL-Engine2015.lib(IrrlichtSceneNode.obj) : warning LNK4099: PDB '3DEngine.pdb' was not found with 'TL-Engine2015.lib(IrrlichtSceneNode.obj)' or at 'C:\Users\jbrierley\Desktop\GameProject\GameProject\3DEngine.pdb'; linking object as if no debug info
TL-Engine2015.lib(CRenderDeviceDX.obj) : warning LNK4099: PDB 'TLX-Render.pdb' was not found with 'TL-Engine2015.lib(CRenderDeviceDX.obj)' or at 'C:\Users\jbrierley\Desktop\GameProject\GameProject\TLX-Render.pdb'; linking object as if no debug info
TL-Engine2015.lib(CVector3.obj) : warning LNK4099: PDB 'TLX-Common.pdb' was not found with 'TL-Engine2015.lib(CVector3.obj)' or at 'C:\Users\jbrierley\Desktop\GameProject\GameProject\TLX-Common.pdb'; linking object as if no debug info
TL-Engine2015.lib(CSceneManager.obj) : warning LNK4099: PDB 'TLX-Engine.pdb' was not found with 'TL-Engine2015.lib(CSceneManager.obj)' or at 'C:\Users\jbrierley\Desktop\GameProject\GameProject\TLX-Engine.pdb'; linking object as if no debug info
TL-Engine2015.lib(TLXModel.obj) : warning LNK4099: PDB '3DEngine.pdb' was not found with 'TL-Engine2015.lib(TLXModel.obj)' or at 'C:\Users\jbrierley\Desktop\GameProject\GameProject\3DEngine.pdb'; linking object as if no debug info
TL-Engine2015.lib(TLXSceneNode.obj) : warning LNK4099: PDB '3DEngine.pdb' was not found with 'TL-Engine2015.lib(TLXSceneNode.obj)' or at 'C:\Users\jbrierley\Desktop\GameProject\GameProject\3DEngine.pdb'; linking object as if no debug info
TL-Engine2015.lib(Log.obj) : warning LNK4099: PDB 'TLX-Common.pdb' was not found with 'TL-Engine2015.lib(Log.obj)' or at 'C:\Users\jbrierley\Desktop\GameProject\GameProject\TLX-Common.pdb'; linking object as if no debug info
TL-Engine2015.lib(DXUtility.obj) : warning LNK4099: PDB 'TLX-Render.pdb' was not found with 'TL-Engine2015.lib(DXUtility.obj)' or at 'C:\Users\jbrierley\Desktop\GameProject\GameProject\TLX-Render.pdb'; linking object as if no debug info
TL-Engine2015.lib(CTextureManagerDX.obj) : warning LNK4099: PDB 'TLX-Render.pdb' was not found with 'TL-Engine2015.lib(CTextureManagerDX.obj)' or at 'C:\Users\jbrierley\Desktop\GameProject\GameProject\TLX-Render.pdb'; linking object as if no debug info
TL-Engine2015.lib(CBufferManagerDX.obj) : warning LNK4099: PDB 'TLX-Render.pdb' was not found with 'TL-Engine2015.lib(CBufferManagerDX.obj)' or at 'C:\Users\jbrierley\Desktop\GameProject\GameProject\TLX-Render.pdb'; linking object as if no debug info
TL-Engine2015.lib(CMeshManagerDX.obj) : warning LNK4099: PDB 'TLX-Render.pdb' was not found with 'TL-Engine2015.lib(CMeshManagerDX.obj)' or at 'C:\Users\jbrierley\Desktop\GameProject\GameProject\TLX-Render.pdb'; linking object as if no debug info
TL-Engine2015.lib(CRenderDevice.obj) : warning LNK4099: PDB 'TLX-Render.pdb' was not found with 'TL-Engine2015.lib(CRenderDevice.obj)' or at 'C:\Users\jbrierley\Desktop\GameProject\GameProject\TLX-Render.pdb'; linking object as if no debug info
TL-Engine2015.lib(CRenderManagerDX.obj) : warning LNK4099: PDB 'TLX-Render.pdb' was not found with 'TL-Engine2015.lib(CRenderManagerDX.obj)' or at 'C:\Users\jbrierley\Desktop\GameProject\GameProject\TLX-Render.pdb'; linking object as if no debug info
TL-Engine2015.lib(CCamera.obj) : warning LNK4099: PDB 'TLX-Engine.pdb' was not found with 'TL-Engine2015.lib(CCamera.obj)' or at 'C:\Users\jbrierley\Desktop\GameProject\GameProject\TLX-Engine.pdb'; linking object as if no debug info
TL-Engine2015.lib(CInstance.obj) : warning LNK4099: PDB 'TLX-Engine.pdb' was not found with 'TL-Engine2015.lib(CInstance.obj)' or at 'C:\Users\jbrierley\Desktop\GameProject\GameProject\TLX-Engine.pdb'; linking object as if no debug info
TL-Engine2015.lib(CPositionMatrix.obj) : warning LNK4099: PDB 'TLX-Common.pdb' was not found with 'TL-Engine2015.lib(CPositionMatrix.obj)' or at 'C:\Users\jbrierley\Desktop\GameProject\GameProject\TLX-Common.pdb'; linking object as if no debug info
TL-Engine2015.lib(TLXModelNode.obj) : warning LNK4099: PDB '3DEngine.pdb' was not found with 'TL-Engine2015.lib(TLXModelNode.obj)' or at 'C:\Users\jbrierley\Desktop\GameProject\GameProject\3DEngine.pdb'; linking object as if no debug info
TL-Engine2015.lib(LogStream.obj) : warning LNK4099: PDB 'TLX-Common.pdb' was not found with 'TL-Engine2015.lib(LogStream.obj)' or at 'C:\Users\jbrierley\Desktop\GameProject\GameProject\TLX-Common.pdb'; linking object as if no debug info
TL-Engine2015.lib(MeshData.obj) : warning LNK4099: PDB 'TLX-Render.pdb' was not found with 'TL-Engine2015.lib(MeshData.obj)' or at 'C:\Users\jbrierley\Desktop\GameProject\GameProject\TLX-Render.pdb'; linking object as if no debug info
TL-Engine2015.lib(CFontDX.obj) : warning LNK4099: PDB 'TLX-Render.pdb' was not found with 'TL-Engine2015.lib(CFontDX.obj)' or at 'C:\Users\jbrierley\Desktop\GameProject\GameProject\TLX-Render.pdb'; linking object as if no debug info
TL-Engine2015.lib(CTextureSurfaceDX.obj) : warning LNK4099: PDB 'TLX-Render.pdb' was not found with 'TL-Engine2015.lib(CTextureSurfaceDX.obj)' or at 'C:\Users\jbrierley\Desktop\GameProject\GameProject\TLX-Render.pdb'; linking object as if no debug info
TL-Engine2015.lib(CTextureManager.obj) : warning LNK4099: PDB 'TLX-Render.pdb' was not found with 'TL-Engine2015.lib(CTextureManager.obj)' or at 'C:\Users\jbrierley\Desktop\GameProject\GameProject\TLX-Render.pdb'; linking object as if no debug info
TL-Engine2015.lib(CSpriteDX.obj) : warning LNK4099: PDB 'TLX-Render.pdb' was not found with 'TL-Engine2015.lib(CSpriteDX.obj)' or at 'C:\Users\jbrierley\Desktop\GameProject\GameProject\TLX-Render.pdb'; linking object as if no debug info
TL-Engine2015.lib(CBufferManager.obj) : warning LNK4099: PDB 'TLX-Render.pdb' was not found with 'TL-Engine2015.lib(CBufferManager.obj)' or at 'C:\Users\jbrierley\Desktop\GameProject\GameProject\TLX-Render.pdb'; linking object as if no debug info
TL-Engine2015.lib(CIndexBufferDX.obj) : warning LNK4099: PDB 'TLX-Render.pdb' was not found with 'TL-Engine2015.lib(CIndexBufferDX.obj)' or at 'C:\Users\jbrierley\Desktop\GameProject\GameProject\TLX-Render.pdb'; linking object as if no debug info
TL-Engine2015.lib(CVertexBufferDX.obj) : warning LNK4099: PDB 'TLX-Render.pdb' was not found with 'TL-Engine2015.lib(CVertexBufferDX.obj)' or at 'C:\Users\jbrierley\Desktop\GameProject\GameProject\TLX-Render.pdb'; linking object as if no debug info
TL-Engine2015.lib(CMeshManager.obj) : warning LNK4099: PDB 'TLX-Render.pdb' was not found with 'TL-Engine2015.lib(CMeshManager.obj)' or at 'C:\Users\jbrierley\Desktop\GameProject\GameProject\TLX-Render.pdb'; linking object as if no debug info
TL-Engine2015.lib(CImportXFile.obj) : warning LNK4099: PDB 'TLX-Render.pdb' was not found with 'TL-Engine2015.lib(CImportXFile.obj)' or at 'C:\Users\jbrierley\Desktop\GameProject\GameProject\TLX-Render.pdb'; linking object as if no debug info
TL-Engine2015.lib(CResourceManager.obj) : warning LNK4099: PDB 'TLX-Render.pdb' was not found with 'TL-Engine2015.lib(CResourceManager.obj)' or at 'C:\Users\jbrierley\Desktop\GameProject\GameProject\TLX-Render.pdb'; linking object as if no debug info
TL-Engine2015.lib(CRenderManager.obj) : warning LNK4099: PDB 'TLX-Render.pdb' was not found with 'TL-Engine2015.lib(CRenderManager.obj)' or at 'C:\Users\jbrierley\Desktop\GameProject\GameProject\TLX-Render.pdb'; linking object as if no debug info
TL-Engine2015.lib(CGenericProcessDX.obj) : warning LNK4099: PDB 'TLX-Render.pdb' was not found with 'TL-Engine2015.lib(CGenericProcessDX.obj)' or at 'C:\Users\jbrierley\Desktop\GameProject\GameProject\TLX-Render.pdb'; linking object as if no debug info
TL-Engine2015.lib(CPositionNode.obj) : warning LNK4099: PDB 'TLX-Engine.pdb' was not found with 'TL-Engine2015.lib(CPositionNode.obj)' or at 'C:\Users\jbrierley\Desktop\GameProject\GameProject\TLX-Engine.pdb'; linking object as if no debug info
TL-Engine2015.lib(CRenderBucket.obj) : warning LNK4099: PDB 'TLX-Render.pdb' was not found with 'TL-Engine2015.lib(CRenderBucket.obj)' or at 'C:\Users\jbrierley\Desktop\GameProject\GameProject\TLX-Render.pdb'; linking object as if no debug info
TL-Engine2015.lib(CTextureSurface.obj) : warning LNK4099: PDB 'TLX-Render.pdb' was not found with 'TL-Engine2015.lib(CTextureSurface.obj)' or at 'C:\Users\jbrierley\Desktop\GameProject\GameProject\TLX-Render.pdb'; linking object as if no debug info
TL-Engine2015.lib(BaseMath.obj) : warning LNK4099: PDB 'TLX-Common.pdb' was not found with 'TL-Engine2015.lib(BaseMath.obj)' or at 'C:\Users\jbrierley\Desktop\GameProject\GameProject\TLX-Common.pdb'; linking object as if no debug info
TL-Engine2015.lib(CTexture.obj) : warning LNK4099: PDB 'TLX-Render.pdb' was not found with 'TL-Engine2015.lib(CTexture.obj)' or at 'C:\Users\jbrierley\Desktop\GameProject\GameProject\TLX-Render.pdb'; linking object as if no debug info
TL-Engine2015.lib(CBuffer.obj) : warning LNK4099: PDB 'TLX-Render.pdb' was not found with 'TL-Engine2015.lib(CBuffer.obj)' or at 'C:\Users\jbrierley\Desktop\GameProject\GameProject\TLX-Render.pdb'; linking object as if no debug info
TL-Engine2015.lib(CMesh.obj) : warning LNK4099: PDB 'TLX-Render.pdb' was not found with 'TL-Engine2015.lib(CMesh.obj)' or at 'C:\Users\jbrierley\Desktop\GameProject\GameProject\TLX-Render.pdb'; linking object as if no debug info
TL-Engine2015.lib(Render.obj) : warning LNK4099: PDB 'TLX-Render.pdb' was not found with 'TL-Engine2015.lib(Render.obj)' or at 'C:\Users\jbrierley\Desktop\GameProject\GameProject\TLX-Render.pdb'; linking object as if no debug info
TL-Engine2015.lib(CHashTable.obj) : warning LNK4099: PDB 'TLX-Common.pdb' was not found with 'TL-Engine2015.lib(CHashTable.obj)' or at 'C:\Users\jbrierley\Desktop\GameProject\GameProject\TLX-Common.pdb'; linking object as if no debug info
TL-Engine2015.lib(Mesh.obj) : warning LNK4099: PDB 'TLX-Render.pdb' was not found with 'TL-Engine2015.lib(Mesh.obj)' or at 'C:\Users\jbrierley\Desktop\GameProject\GameProject\TLX-Render.pdb'; linking object as if no debug info
TL-Engine2015.lib(NvTriStrip.obj) : warning LNK4099: PDB 'NvTriStrip.pdb' was not found with 'TL-Engine2015.lib(NvTriStrip.obj)' or at 'C:\Users\jbrierley\Desktop\GameProject\GameProject\NvTriStrip.pdb'; linking object as if no debug info
TL-Engine2015.lib(NvTriStripObjects.obj) : warning LNK4099: PDB 'NvTriStrip.pdb' was not found with 'TL-Engine2015.lib(NvTriStripObjects.obj)' or at 'C:\Users\jbrierley\Desktop\GameProject\GameProject\NvTriStrip.pdb'; linking object as if no debug info
  Professional Skills Assignment.vcxproj -> C:\Users\jbrierley\Desktop\GameProject\GameProject\\Professional Skills Assignment.exe
  Professional Skills Assignment.vcxproj -> C:\Users\jbrierley\Desktop\GameProject\GameProject\\Professional Skills Assignment.pdb (Full PDB)
